Bad Checksum - idPage: 0, tyPage: 0, iPage: 0
Source      : D:\Applications\removebale\HOBMAN FINAL\Final Database\Hotelman.bak
Destination : C:\Users\MAHAJA~1\AppData\Local\Temp\sqlDF4F.tmp
Repairing - verMajor: 2, verMinor: 1415, verBuild: 11668, verPoint: 17184
Time - 2017-22-03 23:34:37.115
Database format in database header page is corrupt (or not a database file)
Bad Checksum - idPage: 0, tyPage: 8, iPage: 63
Bad Checksum - idPage: 1, tyPage: 0, iPage: 127
Bad Checksum - idPage: 2, tyPage: 0, iPage: 28
Bad Checksum - idPage: 4, tyPage: 0, iPage: 511
Bad Checksum - idPage: 8, tyPage: 0, iPage: 1998
Bad Checksum - idPage: 10, tyPage: 0, iPage: 219
Bad Checksum - idPage: 12, tyPage: 0, iPage: 351
Bad Checksum - idPage: 32, tyPage: 0, iPage: 435
Bad Checksum - idPage: 48, tyPage: 3, iPage: 253
Bad Checksum - idPage: 54, tyPage: 0, iPage: 175
Bad Checksum - idPage: 63, tyPage: 0, iPage: 389
Bad Checksum - idPage: 82, tyPage: 0, iPage: 2005
Bad Checksum - idPage: 96, tyPage: 0, iPage: 91
Bad Checksum - idPage: 97, tyPage: 7, iPage: 585
Bad Checksum - idPage: 99, tyPage: 0, iPage: 1999
Bad Checksum - idPage: 101, tyPage: 7, iPage: 509
Bad Checksum - idPage: 108, tyPage: 7, iPage: 421
Bad Checksum - idPage: 115, tyPage: 7, iPage: 453
Bad Checksum - idPage: 186, tyPage: 0, iPage: 648
Bad Checksum - idPage: 256, tyPage: 14, iPage: 249
Bad Checksum - idPage: 512, tyPage: 0, iPage: 136
Bad Checksum - idPage: 518, tyPage: 0, iPage: 68
Bad Checksum - idPage: 520, tyPage: 0, iPage: 4
Bad Checksum - idPage: 768, tyPage: 0, iPage: 163
Bad Checksum - idPage: 1024, tyPage: 0, iPage: 1773
Bad Checksum - idPage: 1191, tyPage: 0, iPage: 311
Bad Checksum - idPage: 3584, tyPage: 0, iPage: 467
Bad Checksum - idPage: 4096, tyPage: 0, iPage: 281
Bad Checksum - idPage: 4224, tyPage: 0, iPage: 139
Bad Checksum - idPage: 5120, tyPage: 0, iPage: 395
Bad Checksum - idPage: 7298, tyPage: 0, iPage: 645
Bad Checksum - idPage: 8192, tyPage: 0, iPage: 295
Bad Checksum - idPage: 9984, tyPage: 0, iPage: 99
Bad Checksum - idPage: 10240, tyPage: 0, iPage: 153
Bad Checksum - idPage: 11776, tyPage: 0, iPage: 21
Bad Checksum - idPage: 16896, tyPage: 0, iPage: 234
Bad Checksum - idPage: 20480, tyPage: 2, iPage: 385
Bad Checksum - idPage: 23794, tyPage: 0, iPage: 1313
Bad Checksum - idPage: 25344, tyPage: 0, iPage: 631
Bad Checksum - idPage: 25856, tyPage: 0, iPage: 101
Bad Checksum - idPage: 26624, tyPage: 0, iPage: 111
Bad Checksum - idPage: 30654, tyPage: 0, iPage: 1997
Bad Checksum - idPage: 33280, tyPage: 0, iPage: 140
Bad Checksum - idPage: 40947, tyPage: 0, iPage: 383
Bad Checksum - idPage: 49664, tyPage: 0, iPage: 78
Bad Checksum - idPage: 65536, tyPage: 0, iPage: 531
Bad Checksum - idPage: 65589, tyPage: 4, iPage: 333
Bad Checksum - idPage: 65619, tyPage: 5, iPage: 664
Bad Checksum - idPage: 65631, tyPage: 6, iPage: 593
Bad Checksum - idPage: 66048, tyPage: 0, iPage: 464
Bad Checksum - idPage: 74017, tyPage: 2, iPage: 73
Bad Checksum - idPage: 81246, tyPage: 0, iPage: 257
Bad Checksum - idPage: 82432, tyPage: 0, iPage: 178
Bad Checksum - idPage: 94208, tyPage: 4, iPage: 393
Bad Checksum - idPage: 98304, tyPage: 0, iPage: 119
Bad Checksum - idPage: 98816, tyPage: 0, iPage: 462
Bad Checksum - idPage: 115200, tyPage: 0, iPage: 104
Bad Checksum - idPage: 124348, tyPage: 0, iPage: 527
Bad Checksum - idPage: 127605, tyPage: 0, iPage: 583
Bad Checksum - idPage: 131073, tyPage: 7, iPage: 237
Bad Checksum - idPage: 131167, tyPage: 4, iPage: 241
Bad Checksum - idPage: 131584, tyPage: 0, iPage: 532
Bad Checksum - idPage: 147968, tyPage: 0, iPage: 1682
Bad Checksum - idPage: 164352, tyPage: 0, iPage: 86
Bad Checksum - idPage: 196608, tyPage: 0, iPage: 303
Bad Checksum - idPage: 196616, tyPage: 1, iPage: 33
Bad Checksum - idPage: 196691, tyPage: 7, iPage: 589
Bad Checksum - idPage: 196703, tyPage: 6, iPage: 565
Bad Checksum - idPage: 196708, tyPage: 6, iPage: 431
Bad Checksum - idPage: 196718, tyPage: 7, iPage: 587
Bad Checksum - idPage: 196719, tyPage: 6, iPage: 503
Bad Checksum - idPage: 196720, tyPage: 7, iPage: 629
Bad Checksum - idPage: 196944, tyPage: 15, iPage: 381
Bad Checksum - idPage: 197120, tyPage: 0, iPage: 184
Bad Checksum - idPage: 262144, tyPage: 15, iPage: 455
Bad Checksum - idPage: 262182, tyPage: 0, iPage: 525
Bad Checksum - idPage: 262198, tyPage: 6, iPage: 505
Bad Checksum - idPage: 262241, tyPage: 6, iPage: 235
Bad Checksum - idPage: 262249, tyPage: 7, iPage: 423
Bad Checksum - idPage: 262255, tyPage: 6, iPage: 379
Bad Checksum - idPage: 262256, tyPage: 6, iPage: 571
Bad Checksum - idPage: 262258, tyPage: 7, iPage: 517
Bad Checksum - idPage: 262261, tyPage: 7, iPage: 513
Bad Checksum - idPage: 262400, tyPage: 11, iPage: 371
Bad Checksum - idPage: 262656, tyPage: 0, iPage: 368
Bad Checksum - idPage: 274236, tyPage: 6, iPage: 261
Bad Checksum - idPage: 295424, tyPage: 0, iPage: 438
Bad Checksum - idPage: 308632, tyPage: 13, iPage: 501
Bad Checksum - idPage: 327680, tyPage: 11, iPage: 203
Bad Checksum - idPage: 327788, tyPage: 6, iPage: 515
Bad Checksum - idPage: 327794, tyPage: 6, iPage: 591
Bad Checksum - idPage: 393216, tyPage: 0, iPage: 644
Bad Checksum - idPage: 393217, tyPage: 6, iPage: 1315
Bad Checksum - idPage: 393264, tyPage: 3, iPage: 349
Bad Checksum - idPage: 393316, tyPage: 3, iPage: 445
Bad Checksum - idPage: 393330, tyPage: 7, iPage: 427
Bad Checksum - idPage: 428754, tyPage: 5, iPage: 357
Bad Checksum - idPage: 458752, tyPage: 1, iPage: 59
Bad Checksum - idPage: 458753, tyPage: 5, iPage: 123
Bad Checksum - idPage: 458866, tyPage: 6, iPage: 429
Bad Checksum - idPage: 524288, tyPage: 3, iPage: 315
Bad Checksum - idPage: 524322, tyPage: 6, iPage: 191
Bad Checksum - idPage: 524383, tyPage: 7, iPage: 185
Bad Checksum - idPage: 589840, tyPage: 1, iPage: 199
Bad Checksum - idPage: 589852, tyPage: 1, iPage: 211
Bad Checksum - idPage: 589928, tyPage: 6, iPage: 327
Bad Checksum - idPage: 589939, tyPage: 6, iPage: 243
Bad Checksum - idPage: 589940, tyPage: 6, iPage: 113
Bad Checksum - idPage: 720993, tyPage: 6, iPage: 521
Bad Checksum - idPage: 720995, tyPage: 6, iPage: 375
Bad Checksum - idPage: 786432, tyPage: 0, iPage: 339
Bad Checksum - idPage: 786531, tyPage: 6, iPage: 271
Bad Checksum - idPage: 796160, tyPage: 4, iPage: 169
Bad Checksum - idPage: 852016, tyPage: 2, iPage: 231
Bad Checksum - idPage: 852088, tyPage: 6, iPage: 507
Bad Checksum - idPage: 852224, tyPage: 3, iPage: 437
Bad Checksum - idPage: 888558, tyPage: 8, iPage: 1853
Bad Checksum - idPage: 917613, tyPage: 6, iPage: 457
Bad Checksum - idPage: 917615, tyPage: 6, iPage: 569
Bad Checksum - idPage: 983141, tyPage: 5, iPage: 573
Bad Checksum - idPage: 983142, tyPage: 6, iPage: 523
Bad Checksum - idPage: 983145, tyPage: 6, iPage: 387
Bad Checksum - idPage: 983149, tyPage: 5, iPage: 519
Bad Checksum - idPage: 983154, tyPage: 5, iPage: 567
Bad Checksum - idPage: 983155, tyPage: 5, iPage: 529
Bad Checksum - idPage: 983156, tyPage: 5, iPage: 577
Bad Checksum - idPage: 983552, tyPage: 15, iPage: 94
Bad Checksum - idPage: 1016320, tyPage: 15, iPage: 164
Bad Checksum - idPage: 1048575, tyPage: 15, iPage: 9

